
2023/06/05 10:51:27 From: 37.128.246.96
Header:
User-Agent : [PostmanRuntime/7.32.2]
Content-Length : [287]
Accept : [*/*]
Accept-Encoding : [gzip, deflate, br]
Content-Type : [multipart/form-data; boundary=--------------------------779239480260830072383357]
Cookie : [token=eyJhbGciOiJIUzI1NiIsInR5cCI6IkpXVCJ9.eyJVc2VybmFtZSI6ImU2YzBiNmY3OTdlYjc4NjUzOWZkYzkxN2NhOGZjM2Q5IiwiRW1haWwiOiJiZWJiZWQ1ZGE2OTA3ODhkYWVkNTgyY2Q0ZTAyY2I1NCIsIlVzZXJJRCI6MSwiZXhwIjoxNjg2NDg2ODUyLCJpc3MiOiJwYW4tc2VydmljZSJ9.NzQffAgRbDMmOHNoBh0_I9DuB8ITVC8KikuQXeAeE6A]
Body:
 &{0xc00000f9e0 <nil> <nil> false true {0 0} true false false 0x71f800}

2023/06/05 10:53:05 From: 37.128.246.96
Header:
Content-Length : [59523]
Accept-Encoding : [gzip, deflate, br]
Content-Type : [multipart/form-data; boundary=--------------------------045351028697108714598417]
User-Agent : [PostmanRuntime/7.29.0]
Accept : [*/*]
Cache-Control : [no-cache]
Cookie : [token=eyJhbGciOiJIUzI1NiIsInR5cCI6IkpXVCJ9.eyJVc2VybmFtZSI6IjAzMTkyOGQzZGIzNDI2MWM5NjAyYTFhZjQ5NWI0YmE4IiwiRW1haWwiOiI2MzU2YWEyZjBjZWE0MTQ5YzBkNTQxNmI3MjE1ZmZmYSIsIlVzZXJJRCI6MiwiZXhwIjoxNjg2NDg2ODIwLCJpc3MiOiJwYW4tc2VydmljZSJ9.Y9owjAAVdQ7mjkR30s8mXEMqInZJz9mrYdXpGIJuujs]
Postman-Token : [5d151b95-12d9-4a0b-b6d2-9283cda269cf]
Body:
 &{0xc0000f0000 <nil> <nil> false true {0 0} true false false 0x71f800}

2023/06/05 10:55:05 From: 37.128.246.96
Header:
User-Agent : [PostmanRuntime/7.32.2]
Accept : [*/*]
Accept-Encoding : [gzip, deflate, br]
Cookie : [token=eyJhbGciOiJIUzI1NiIsInR5cCI6IkpXVCJ9.eyJVc2VybmFtZSI6ImU2YzBiNmY3OTdlYjc4NjUzOWZkYzkxN2NhOGZjM2Q5IiwiRW1haWwiOiJiZWJiZWQ1ZGE2OTA3ODhkYWVkNTgyY2Q0ZTAyY2I1NCIsIlVzZXJJRCI6MSwiZXhwIjoxNjg2NTM4Mjg3LCJpc3MiOiJwYW4tc2VydmljZSJ9.IJFsfvZv0o7c0KbZ-CgUXm_YnkTwJf74SGszeZWCfRs]
Body:
 {}

2023/06/05 10:55:09 From: 37.128.246.96
Header:
Accept-Encoding : [gzip, deflate, br]
Content-Type : [multipart/form-data; boundary=--------------------------951906478240721551445684]
Cookie : [token=eyJhbGciOiJIUzI1NiIsInR5cCI6IkpXVCJ9.eyJVc2VybmFtZSI6ImU2YzBiNmY3OTdlYjc4NjUzOWZkYzkxN2NhOGZjM2Q5IiwiRW1haWwiOiJiZWJiZWQ1ZGE2OTA3ODhkYWVkNTgyY2Q0ZTAyY2I1NCIsIlVzZXJJRCI6MSwiZXhwIjoxNjg2NTM4Mjg3LCJpc3MiOiJwYW4tc2VydmljZSJ9.IJFsfvZv0o7c0KbZ-CgUXm_YnkTwJf74SGszeZWCfRs]
User-Agent : [PostmanRuntime/7.32.2]
Content-Length : [10118]
Accept : [*/*]
Body:
 &{0xc00000fc80 <nil> <nil> false true {0 0} true false false 0x71f800}

2023/06/05 10:55:24 From: 37.128.246.96
Header:
Content-Type : [multipart/form-data; boundary=--------------------------665104297395746058154798]
Cookie : [token=eyJhbGciOiJIUzI1NiIsInR5cCI6IkpXVCJ9.eyJVc2VybmFtZSI6ImU2YzBiNmY3OTdlYjc4NjUzOWZkYzkxN2NhOGZjM2Q5IiwiRW1haWwiOiJiZWJiZWQ1ZGE2OTA3ODhkYWVkNTgyY2Q0ZTAyY2I1NCIsIlVzZXJJRCI6MSwiZXhwIjoxNjg2NTM4Mjg3LCJpc3MiOiJwYW4tc2VydmljZSJ9.IJFsfvZv0o7c0KbZ-CgUXm_YnkTwJf74SGszeZWCfRs]
User-Agent : [PostmanRuntime/7.32.2]
Content-Length : [10118]
Accept : [*/*]
Accept-Encoding : [gzip, deflate, br]
Body:
 &{0xc00000fe90 <nil> <nil> false true {0 0} true false false 0x71f800}

2023/06/05 10:56:07 From: 37.128.246.96
Header:
Accept : [*/*]
Cache-Control : [no-cache]
Cookie : [token=eyJhbGciOiJIUzI1NiIsInR5cCI6IkpXVCJ9.eyJVc2VybmFtZSI6IjAzMTkyOGQzZGIzNDI2MWM5NjAyYTFhZjQ5NWI0YmE4IiwiRW1haWwiOiI2MzU2YWEyZjBjZWE0MTQ5YzBkNTQxNmI3MjE1ZmZmYSIsIlVzZXJJRCI6MiwiZXhwIjoxNjg2NDg2ODIwLCJpc3MiOiJwYW4tc2VydmljZSJ9.Y9owjAAVdQ7mjkR30s8mXEMqInZJz9mrYdXpGIJuujs]
Postman-Token : [74570772-462b-4e63-a2cd-d76deef2eae9]
Content-Length : [59523]
Accept-Encoding : [gzip, deflate, br]
Content-Type : [multipart/form-data; boundary=--------------------------630535627402050321781726]
User-Agent : [PostmanRuntime/7.29.0]
Body:
 &{0xc000118090 <nil> <nil> false true {0 0} true false false 0x71f800}

2023/06/05 10:57:34 From: 37.128.246.96
Header:
User-Agent : [Mozilla/5.0 (Windows NT 10.0; Win64; x64; rv:109.0) Gecko/20100101 Firefox/113.0]
Content-Length : [2721]
Accept-Encoding : [gzip, deflate]
Accept : [application/json, text/plain, */*]
Accept-Language : [zh-CN,zh;q=0.8,zh-TW;q=0.7,zh-HK;q=0.5,en-US;q=0.3,en;q=0.2]
Content-Type : [multipart/form-data; boundary=---------------------------42899264207826576214267050331]
Cookie : [token=eyJhbGciOiJIUzI1NiIsInR5cCI6IkpXVCJ9.eyJVc2VybmFtZSI6IjAzMTkyOGQzZGIzNDI2MWM5NjAyYTFhZjQ5NWI0YmE4IiwiRW1haWwiOiI2MzU2YWEyZjBjZWE0MTQ5YzBkNTQxNmI3MjE1ZmZmYSIsIlVzZXJJRCI6MiwiZXhwIjoxNjg2NTM1OTY0LCJpc3MiOiJwYW4tc2VydmljZSJ9.ILto5JNWc-HlLSof7dZ56cSXpwIO3Y0tC8L26cwmzhQ]
Origin : [http://localhost:3000]
Referer : [http://localhost:3000/]
Body:
 &{0xc000118000 <nil> <nil> false true {0 0} true false false 0x71f800}

2023/06/05 10:59:16 From: 37.128.246.96
Header:
Accept-Encoding : [gzip, deflate, br]
Cookie : [token=eyJhbGciOiJIUzI1NiIsInR5cCI6IkpXVCJ9.eyJVc2VybmFtZSI6ImU2YzBiNmY3OTdlYjc4NjUzOWZkYzkxN2NhOGZjM2Q5IiwiRW1haWwiOiJiZWJiZWQ1ZGE2OTA3ODhkYWVkNTgyY2Q0ZTAyY2I1NCIsIlVzZXJJRCI6MSwiZXhwIjoxNjg2NTM4Mjg3LCJpc3MiOiJwYW4tc2VydmljZSJ9.IJFsfvZv0o7c0KbZ-CgUXm_YnkTwJf74SGszeZWCfRs]
User-Agent : [PostmanRuntime/7.32.2]
Accept : [*/*]
Body:
 {}

2023/06/05 10:59:53 From: 37.128.246.96
Header:
User-Agent : [PostmanRuntime/7.32.2]
Accept : [*/*]
Accept-Encoding : [gzip, deflate, br]
Cookie : [token=eyJhbGciOiJIUzI1NiIsInR5cCI6IkpXVCJ9.eyJVc2VybmFtZSI6ImU2YzBiNmY3OTdlYjc4NjUzOWZkYzkxN2NhOGZjM2Q5IiwiRW1haWwiOiJiZWJiZWQ1ZGE2OTA3ODhkYWVkNTgyY2Q0ZTAyY2I1NCIsIlVzZXJJRCI6MSwiZXhwIjoxNjg2NTM4Mjg3LCJpc3MiOiJwYW4tc2VydmljZSJ9.IJFsfvZv0o7c0KbZ-CgUXm_YnkTwJf74SGszeZWCfRs]
Body:
 {}

2023/06/05 11:03:16 From: 37.128.246.96
Header:
User-Agent : [PostmanRuntime/7.32.2]
Content-Length : [170]
Accept : [*/*]
Accept-Encoding : [gzip, deflate, br]
Content-Type : [multipart/form-data; boundary=--------------------------681149476376605763781373]
Cookie : [token=eyJhbGciOiJIUzI1NiIsInR5cCI6IkpXVCJ9.eyJVc2VybmFtZSI6ImU2YzBiNmY3OTdlYjc4NjUzOWZkYzkxN2NhOGZjM2Q5IiwiRW1haWwiOiJiZWJiZWQ1ZGE2OTA3ODhkYWVkNTgyY2Q0ZTAyY2I1NCIsIlVzZXJJRCI6MSwiZXhwIjoxNjg2NTM4Mjg3LCJpc3MiOiJwYW4tc2VydmljZSJ9.IJFsfvZv0o7c0KbZ-CgUXm_YnkTwJf74SGszeZWCfRs]
Body:
 &{0xc00000f9e0 <nil> <nil> false true {0 0} true false false 0x71f800}

2023/06/05 11:04:01 From: 37.128.246.96
Header:
Content-Length : [170]
Accept : [*/*]
Accept-Encoding : [gzip, deflate, br]
Content-Type : [multipart/form-data; boundary=--------------------------304940662265270855124203]
Cookie : [token=eyJhbGciOiJIUzI1NiIsInR5cCI6IkpXVCJ9.eyJVc2VybmFtZSI6ImU2YzBiNmY3OTdlYjc4NjUzOWZkYzkxN2NhOGZjM2Q5IiwiRW1haWwiOiJiZWJiZWQ1ZGE2OTA3ODhkYWVkNTgyY2Q0ZTAyY2I1NCIsIlVzZXJJRCI6MSwiZXhwIjoxNjg2NTM4Mjg3LCJpc3MiOiJwYW4tc2VydmljZSJ9.IJFsfvZv0o7c0KbZ-CgUXm_YnkTwJf74SGszeZWCfRs]
User-Agent : [PostmanRuntime/7.32.2]
Body:
 &{0xc00000f9f8 <nil> <nil> false true {0 0} true false false 0x71f800}

2023/06/05 11:05:18 From: 37.128.246.96
Header:
User-Agent : [PostmanRuntime/7.32.2]
Content-Length : [170]
Accept : [*/*]
Accept-Encoding : [gzip, deflate, br]
Content-Type : [multipart/form-data; boundary=--------------------------322849628395514512337195]
Cookie : [token=eyJhbGciOiJIUzI1NiIsInR5cCI6IkpXVCJ9.eyJVc2VybmFtZSI6ImU2YzBiNmY3OTdlYjc4NjUzOWZkYzkxN2NhOGZjM2Q5IiwiRW1haWwiOiJiZWJiZWQ1ZGE2OTA3ODhkYWVkNTgyY2Q0ZTAyY2I1NCIsIlVzZXJJRCI6MSwiZXhwIjoxNjg2NTM4Mjg3LCJpc3MiOiJwYW4tc2VydmljZSJ9.IJFsfvZv0o7c0KbZ-CgUXm_YnkTwJf74SGszeZWCfRs]
Body:
 &{0xc00000f9e0 <nil> <nil> false true {0 0} true true false 0x71f800}

2023/06/05 11:07:55 From: 37.128.246.96
Header:
Cookie : [token=eyJhbGciOiJIUzI1NiIsInR5cCI6IkpXVCJ9.eyJVc2VybmFtZSI6ImU2YzBiNmY3OTdlYjc4NjUzOWZkYzkxN2NhOGZjM2Q5IiwiRW1haWwiOiJiZWJiZWQ1ZGE2OTA3ODhkYWVkNTgyY2Q0ZTAyY2I1NCIsIlVzZXJJRCI6MSwiZXhwIjoxNjg2NTM4Mjg3LCJpc3MiOiJwYW4tc2VydmljZSJ9.IJFsfvZv0o7c0KbZ-CgUXm_YnkTwJf74SGszeZWCfRs]
User-Agent : [PostmanRuntime/7.32.2]
Content-Length : [170]
Accept : [*/*]
Accept-Encoding : [gzip, deflate, br]
Content-Type : [multipart/form-data; boundary=--------------------------024472096680708993410141]
Body:
 &{0xc00000e060 <nil> <nil> false true {0 0} true false false 0x71f800}

2023/06/05 11:08:43 From: 37.128.246.96
Header:
Cookie : [token=eyJhbGciOiJIUzI1NiIsInR5cCI6IkpXVCJ9.eyJVc2VybmFtZSI6ImU2YzBiNmY3OTdlYjc4NjUzOWZkYzkxN2NhOGZjM2Q5IiwiRW1haWwiOiJiZWJiZWQ1ZGE2OTA3ODhkYWVkNTgyY2Q0ZTAyY2I1NCIsIlVzZXJJRCI6MSwiZXhwIjoxNjg2NTM4Mjg3LCJpc3MiOiJwYW4tc2VydmljZSJ9.IJFsfvZv0o7c0KbZ-CgUXm_YnkTwJf74SGszeZWCfRs]
User-Agent : [PostmanRuntime/7.32.2]
Content-Length : [170]
Accept : [*/*]
Accept-Encoding : [gzip, deflate, br]
Content-Type : [multipart/form-data; boundary=--------------------------078463014475274510976583]
Body:
 &{0xc00000f9b0 <nil> <nil> false true {0 0} true false false 0x71f800}

2023/06/05 11:12:19 From: 37.128.246.96
Header:
Accept-Encoding : [gzip, deflate, br]
Content-Type : [multipart/form-data; boundary=--------------------------572719769610284087738570]
Cookie : [token=eyJhbGciOiJIUzI1NiIsInR5cCI6IkpXVCJ9.eyJVc2VybmFtZSI6ImU2YzBiNmY3OTdlYjc4NjUzOWZkYzkxN2NhOGZjM2Q5IiwiRW1haWwiOiJiZWJiZWQ1ZGE2OTA3ODhkYWVkNTgyY2Q0ZTAyY2I1NCIsIlVzZXJJRCI6MSwiZXhwIjoxNjg2NTM4Mjg3LCJpc3MiOiJwYW4tc2VydmljZSJ9.IJFsfvZv0o7c0KbZ-CgUXm_YnkTwJf74SGszeZWCfRs]
User-Agent : [PostmanRuntime/7.32.2]
Content-Length : [10118]
Accept : [*/*]
Body:
 &{0xc00000fa10 <nil> <nil> false true {0 0} true false false 0x71f800}

2023/06/05 11:12:27 From: 37.128.246.96
Header:
Accept-Encoding : [gzip, deflate, br]
Cookie : [token=eyJhbGciOiJIUzI1NiIsInR5cCI6IkpXVCJ9.eyJVc2VybmFtZSI6ImU2YzBiNmY3OTdlYjc4NjUzOWZkYzkxN2NhOGZjM2Q5IiwiRW1haWwiOiJiZWJiZWQ1ZGE2OTA3ODhkYWVkNTgyY2Q0ZTAyY2I1NCIsIlVzZXJJRCI6MSwiZXhwIjoxNjg2NTM4Mjg3LCJpc3MiOiJwYW4tc2VydmljZSJ9.IJFsfvZv0o7c0KbZ-CgUXm_YnkTwJf74SGszeZWCfRs]
User-Agent : [PostmanRuntime/7.32.2]
Accept : [*/*]
Body:
 {}

2023/06/05 11:13:06 From: 37.128.246.96
Header:
User-Agent : [PostmanRuntime/7.32.2]
Content-Length : [282]
Accept : [*/*]
Accept-Encoding : [gzip, deflate, br]
Content-Type : [multipart/form-data; boundary=--------------------------646181193423896051937235]
Cookie : [token=eyJhbGciOiJIUzI1NiIsInR5cCI6IkpXVCJ9.eyJVc2VybmFtZSI6ImU2YzBiNmY3OTdlYjc4NjUzOWZkYzkxN2NhOGZjM2Q5IiwiRW1haWwiOiJiZWJiZWQ1ZGE2OTA3ODhkYWVkNTgyY2Q0ZTAyY2I1NCIsIlVzZXJJRCI6MSwiZXhwIjoxNjg2NTM4Mjg3LCJpc3MiOiJwYW4tc2VydmljZSJ9.IJFsfvZv0o7c0KbZ-CgUXm_YnkTwJf74SGszeZWCfRs]
Body:
 &{0xc000110018 <nil> <nil> false true {0 0} true false false 0x71f800}

2023/06/05 11:14:23 From: 37.128.246.96
Header:
User-Agent : [PostmanRuntime/7.32.2]
Content-Length : [282]
Accept : [*/*]
Accept-Encoding : [gzip, deflate, br]
Content-Type : [multipart/form-data; boundary=--------------------------067289519631749203620924]
Cookie : [token=eyJhbGciOiJIUzI1NiIsInR5cCI6IkpXVCJ9.eyJVc2VybmFtZSI6ImU2YzBiNmY3OTdlYjc4NjUzOWZkYzkxN2NhOGZjM2Q5IiwiRW1haWwiOiJiZWJiZWQ1ZGE2OTA3ODhkYWVkNTgyY2Q0ZTAyY2I1NCIsIlVzZXJJRCI6MSwiZXhwIjoxNjg2NTM4Mjg3LCJpc3MiOiJwYW4tc2VydmljZSJ9.IJFsfvZv0o7c0KbZ-CgUXm_YnkTwJf74SGszeZWCfRs]
Body:
 &{0xc000110000 <nil> <nil> false true {0 0} true false false 0x71f800}

2023/06/05 11:14:35 From: 37.128.246.96
Header:
User-Agent : [PostmanRuntime/7.32.2]
Content-Length : [10118]
Accept : [*/*]
Accept-Encoding : [gzip, deflate, br]
Content-Type : [multipart/form-data; boundary=--------------------------433170899849913120922107]
Cookie : [token=eyJhbGciOiJIUzI1NiIsInR5cCI6IkpXVCJ9.eyJVc2VybmFtZSI6ImU2YzBiNmY3OTdlYjc4NjUzOWZkYzkxN2NhOGZjM2Q5IiwiRW1haWwiOiJiZWJiZWQ1ZGE2OTA3ODhkYWVkNTgyY2Q0ZTAyY2I1NCIsIlVzZXJJRCI6MSwiZXhwIjoxNjg2NTM4Mjg3LCJpc3MiOiJwYW4tc2VydmljZSJ9.IJFsfvZv0o7c0KbZ-CgUXm_YnkTwJf74SGszeZWCfRs]
Body:
 &{0xc000110240 <nil> <nil> false true {0 0} true false false 0x71f800}

2023/06/05 11:14:44 From: 37.128.246.96
Header:
Accept : [application/json, text/plain, */*]
Accept-Encoding : [gzip, deflate]
Accept-Language : [zh-CN,zh;q=0.8,zh-TW;q=0.7,zh-HK;q=0.5,en-US;q=0.3,en;q=0.2]
Cookie : [token=eyJhbGciOiJIUzI1NiIsInR5cCI6IkpXVCJ9.eyJVc2VybmFtZSI6IjAzMTkyOGQzZGIzNDI2MWM5NjAyYTFhZjQ5NWI0YmE4IiwiRW1haWwiOiI2MzU2YWEyZjBjZWE0MTQ5YzBkNTQxNmI3MjE1ZmZmYSIsIlVzZXJJRCI6MiwiZXhwIjoxNjg2NTM1OTY0LCJpc3MiOiJwYW4tc2VydmljZSJ9.ILto5JNWc-HlLSof7dZ56cSXpwIO3Y0tC8L26cwmzhQ]
Origin : [http://localhost:3000]
Referer : [http://localhost:3000/]
User-Agent : [Mozilla/5.0 (Windows NT 10.0; Win64; x64; rv:109.0) Gecko/20100101 Firefox/113.0]
Body:
 {}

2023/06/05 11:19:02 From: 37.128.246.96
Header:
User-Agent : [PostmanRuntime/7.32.2]
Content-Length : [10118]
Accept : [*/*]
Accept-Encoding : [gzip, deflate, br]
Content-Type : [multipart/form-data; boundary=--------------------------279679926850666564790321]
Cookie : [token=eyJhbGciOiJIUzI1NiIsInR5cCI6IkpXVCJ9.eyJVc2VybmFtZSI6ImU2YzBiNmY3OTdlYjc4NjUzOWZkYzkxN2NhOGZjM2Q5IiwiRW1haWwiOiJiZWJiZWQ1ZGE2OTA3ODhkYWVkNTgyY2Q0ZTAyY2I1NCIsIlVzZXJJRCI6MSwiZXhwIjoxNjg2NTM4Mjg3LCJpc3MiOiJwYW4tc2VydmljZSJ9.IJFsfvZv0o7c0KbZ-CgUXm_YnkTwJf74SGszeZWCfRs]
Body:
 &{0xc00000fa10 <nil> <nil> false true {0 0} true false false 0x71f800}

2023/06/05 11:19:12 From: 37.128.246.96
Header:
Cookie : [token=eyJhbGciOiJIUzI1NiIsInR5cCI6IkpXVCJ9.eyJVc2VybmFtZSI6ImU2YzBiNmY3OTdlYjc4NjUzOWZkYzkxN2NhOGZjM2Q5IiwiRW1haWwiOiJiZWJiZWQ1ZGE2OTA3ODhkYWVkNTgyY2Q0ZTAyY2I1NCIsIlVzZXJJRCI6MSwiZXhwIjoxNjg2NTM4Mjg3LCJpc3MiOiJwYW4tc2VydmljZSJ9.IJFsfvZv0o7c0KbZ-CgUXm_YnkTwJf74SGszeZWCfRs]
User-Agent : [PostmanRuntime/7.32.2]
Content-Length : [10118]
Accept : [*/*]
Accept-Encoding : [gzip, deflate, br]
Content-Type : [multipart/form-data; boundary=--------------------------418166735403868903825743]
Body:
 &{0xc00000fcf8 <nil> <nil> false true {0 0} true false false 0x71f800}

2023/06/05 11:19:20 From: 37.128.246.96
Header:
User-Agent : [PostmanRuntime/7.32.2]
Content-Length : [282]
Accept : [*/*]
Accept-Encoding : [gzip, deflate, br]
Content-Type : [multipart/form-data; boundary=--------------------------873294033840456038670488]
Cookie : [token=eyJhbGciOiJIUzI1NiIsInR5cCI6IkpXVCJ9.eyJVc2VybmFtZSI6ImU2YzBiNmY3OTdlYjc4NjUzOWZkYzkxN2NhOGZjM2Q5IiwiRW1haWwiOiJiZWJiZWQ1ZGE2OTA3ODhkYWVkNTgyY2Q0ZTAyY2I1NCIsIlVzZXJJRCI6MSwiZXhwIjoxNjg2NTM4Mjg3LCJpc3MiOiJwYW4tc2VydmljZSJ9.IJFsfvZv0o7c0KbZ-CgUXm_YnkTwJf74SGszeZWCfRs]
Body:
 &{0xc00000fef0 <nil> <nil> false true {0 0} true false false 0x71f800}

2023/06/05 11:22:03 From: 37.128.246.96
Header:
Cookie : [token=eyJhbGciOiJIUzI1NiIsInR5cCI6IkpXVCJ9.eyJVc2VybmFtZSI6ImU2YzBiNmY3OTdlYjc4NjUzOWZkYzkxN2NhOGZjM2Q5IiwiRW1haWwiOiJiZWJiZWQ1ZGE2OTA3ODhkYWVkNTgyY2Q0ZTAyY2I1NCIsIlVzZXJJRCI6MSwiZXhwIjoxNjg2NTM4Mjg3LCJpc3MiOiJwYW4tc2VydmljZSJ9.IJFsfvZv0o7c0KbZ-CgUXm_YnkTwJf74SGszeZWCfRs]
User-Agent : [PostmanRuntime/7.32.2]
Accept : [*/*]
Accept-Encoding : [gzip, deflate, br]
Body:
 {}

2023/06/05 11:23:00 From: 37.128.246.96
Header:
User-Agent : [PostmanRuntime/7.32.2]
Accept : [*/*]
Accept-Encoding : [gzip, deflate, br]
Cookie : [token=eyJhbGciOiJIUzI1NiIsInR5cCI6IkpXVCJ9.eyJVc2VybmFtZSI6ImU2YzBiNmY3OTdlYjc4NjUzOWZkYzkxN2NhOGZjM2Q5IiwiRW1haWwiOiJiZWJiZWQ1ZGE2OTA3ODhkYWVkNTgyY2Q0ZTAyY2I1NCIsIlVzZXJJRCI6MSwiZXhwIjoxNjg2NTM4Mjg3LCJpc3MiOiJwYW4tc2VydmljZSJ9.IJFsfvZv0o7c0KbZ-CgUXm_YnkTwJf74SGszeZWCfRs]
Body:
 {}

2023/06/05 11:23:39 From: 37.128.246.96
Header:
User-Agent : [PostmanRuntime/7.32.2]
Accept : [*/*]
Accept-Encoding : [gzip, deflate, br]
Cookie : [token=eyJhbGciOiJIUzI1NiIsInR5cCI6IkpXVCJ9.eyJVc2VybmFtZSI6ImU2YzBiNmY3OTdlYjc4NjUzOWZkYzkxN2NhOGZjM2Q5IiwiRW1haWwiOiJiZWJiZWQ1ZGE2OTA3ODhkYWVkNTgyY2Q0ZTAyY2I1NCIsIlVzZXJJRCI6MSwiZXhwIjoxNjg2NTM4Mjg3LCJpc3MiOiJwYW4tc2VydmljZSJ9.IJFsfvZv0o7c0KbZ-CgUXm_YnkTwJf74SGszeZWCfRs]
Body:
 {}

2023/06/05 13:48:14 From: 37.128.246.96
Header:
Referer : [http://localhost:3000/]
User-Agent : [Mozilla/5.0 (Windows NT 10.0; Win64; x64; rv:109.0) Gecko/20100101 Firefox/113.0]
Accept : [application/json, text/plain, */*]
Accept-Encoding : [gzip, deflate]
Accept-Language : [zh-CN,zh;q=0.8,zh-TW;q=0.7,zh-HK;q=0.5,en-US;q=0.3,en;q=0.2]
Cookie : [token=eyJhbGciOiJIUzI1NiIsInR5cCI6IkpXVCJ9.eyJVc2VybmFtZSI6IjAzMTkyOGQzZGIzNDI2MWM5NjAyYTFhZjQ5NWI0YmE4IiwiRW1haWwiOiI2MzU2YWEyZjBjZWE0MTQ5YzBkNTQxNmI3MjE1ZmZmYSIsIlVzZXJJRCI6MiwiZXhwIjoxNjg2NTM1OTY0LCJpc3MiOiJwYW4tc2VydmljZSJ9.ILto5JNWc-HlLSof7dZ56cSXpwIO3Y0tC8L26cwmzhQ]
Origin : [http://localhost:3000]
Body:
 {}

2023/06/05 13:51:47 From: 37.128.246.96
Header:
Origin : [http://localhost:3000]
Referer : [http://localhost:3000/]
User-Agent : [Mozilla/5.0 (Windows NT 10.0; Win64; x64; rv:109.0) Gecko/20100101 Firefox/113.0]
Accept : [application/json, text/plain, */*]
Accept-Encoding : [gzip, deflate]
Accept-Language : [zh-CN,zh;q=0.8,zh-TW;q=0.7,zh-HK;q=0.5,en-US;q=0.3,en;q=0.2]
Cookie : [token=eyJhbGciOiJIUzI1NiIsInR5cCI6IkpXVCJ9.eyJVc2VybmFtZSI6IjAzMTkyOGQzZGIzNDI2MWM5NjAyYTFhZjQ5NWI0YmE4IiwiRW1haWwiOiI2MzU2YWEyZjBjZWE0MTQ5YzBkNTQxNmI3MjE1ZmZmYSIsIlVzZXJJRCI6MiwiZXhwIjoxNjg2NTM1OTY0LCJpc3MiOiJwYW4tc2VydmljZSJ9.ILto5JNWc-HlLSof7dZ56cSXpwIO3Y0tC8L26cwmzhQ]
Body:
 {}

2023/06/05 13:53:34 From: 37.128.246.96
Header:
Accept-Language : [zh-CN,zh;q=0.8,zh-TW;q=0.7,zh-HK;q=0.5,en-US;q=0.3,en;q=0.2]
Cookie : [token=eyJhbGciOiJIUzI1NiIsInR5cCI6IkpXVCJ9.eyJVc2VybmFtZSI6IjAzMTkyOGQzZGIzNDI2MWM5NjAyYTFhZjQ5NWI0YmE4IiwiRW1haWwiOiI2MzU2YWEyZjBjZWE0MTQ5YzBkNTQxNmI3MjE1ZmZmYSIsIlVzZXJJRCI6MiwiZXhwIjoxNjg2NTM1OTY0LCJpc3MiOiJwYW4tc2VydmljZSJ9.ILto5JNWc-HlLSof7dZ56cSXpwIO3Y0tC8L26cwmzhQ]
Origin : [http://localhost:3000]
Referer : [http://localhost:3000/]
User-Agent : [Mozilla/5.0 (Windows NT 10.0; Win64; x64; rv:109.0) Gecko/20100101 Firefox/113.0]
Accept : [application/json, text/plain, */*]
Accept-Encoding : [gzip, deflate]
Body:
 {}

2023/06/05 14:02:52 From: 37.128.246.96
Header:
Accept-Language : [zh-CN,zh;q=0.8,zh-TW;q=0.7,zh-HK;q=0.5,en-US;q=0.3,en;q=0.2]
Cookie : [token=eyJhbGciOiJIUzI1NiIsInR5cCI6IkpXVCJ9.eyJVc2VybmFtZSI6IjAzMTkyOGQzZGIzNDI2MWM5NjAyYTFhZjQ5NWI0YmE4IiwiRW1haWwiOiI2MzU2YWEyZjBjZWE0MTQ5YzBkNTQxNmI3MjE1ZmZmYSIsIlVzZXJJRCI6MiwiZXhwIjoxNjg2NTM1OTY0LCJpc3MiOiJwYW4tc2VydmljZSJ9.ILto5JNWc-HlLSof7dZ56cSXpwIO3Y0tC8L26cwmzhQ]
Origin : [http://localhost:3000]
Referer : [http://localhost:3000/]
User-Agent : [Mozilla/5.0 (Windows NT 10.0; Win64; x64; rv:109.0) Gecko/20100101 Firefox/113.0]
Accept : [application/json, text/plain, */*]
Accept-Encoding : [gzip, deflate]
Body:
 {}

2023/06/05 14:04:35 From: 37.128.246.96
Header:
Referer : [http://localhost:3000/]
User-Agent : [Mozilla/5.0 (Windows NT 10.0; Win64; x64; rv:109.0) Gecko/20100101 Firefox/113.0]
Accept : [application/json, text/plain, */*]
Accept-Encoding : [gzip, deflate]
Accept-Language : [zh-CN,zh;q=0.8,zh-TW;q=0.7,zh-HK;q=0.5,en-US;q=0.3,en;q=0.2]
Cookie : [token=eyJhbGciOiJIUzI1NiIsInR5cCI6IkpXVCJ9.eyJVc2VybmFtZSI6IjAzMTkyOGQzZGIzNDI2MWM5NjAyYTFhZjQ5NWI0YmE4IiwiRW1haWwiOiI2MzU2YWEyZjBjZWE0MTQ5YzBkNTQxNmI3MjE1ZmZmYSIsIlVzZXJJRCI6MiwiZXhwIjoxNjg2NTM1OTY0LCJpc3MiOiJwYW4tc2VydmljZSJ9.ILto5JNWc-HlLSof7dZ56cSXpwIO3Y0tC8L26cwmzhQ]
Origin : [http://localhost:3000]
Body:
 {}

2023/06/05 14:33:37 From: 113.132.179.110
Header:
User-Agent : [Mozilla/5.0 (Windows NT 10.0; Win64; x64; rv:109.0) Gecko/20100101 Firefox/113.0]
Accept : [application/json, text/plain, */*]
Accept-Encoding : [gzip, deflate]
Accept-Language : [zh-CN,zh;q=0.8,zh-TW;q=0.7,zh-HK;q=0.5,en-US;q=0.3,en;q=0.2]
Cookie : [token=eyJhbGciOiJIUzI1NiIsInR5cCI6IkpXVCJ9.eyJVc2VybmFtZSI6IjAzMTkyOGQzZGIzNDI2MWM5NjAyYTFhZjQ5NWI0YmE4IiwiRW1haWwiOiI2MzU2YWEyZjBjZWE0MTQ5YzBkNTQxNmI3MjE1ZmZmYSIsIlVzZXJJRCI6MiwiZXhwIjoxNjg2NTM1OTY0LCJpc3MiOiJwYW4tc2VydmljZSJ9.ILto5JNWc-HlLSof7dZ56cSXpwIO3Y0tC8L26cwmzhQ]
Origin : [http://localhost:3000]
Referer : [http://localhost:3000/]
Body:
 {}

2023/06/05 14:51:38 From: 113.132.179.110
Header:
Accept : [application/json, text/plain, */*]
Accept-Encoding : [gzip, deflate]
Accept-Language : [zh-CN,zh;q=0.8,zh-TW;q=0.7,zh-HK;q=0.5,en-US;q=0.3,en;q=0.2]
Cookie : [token=eyJhbGciOiJIUzI1NiIsInR5cCI6IkpXVCJ9.eyJVc2VybmFtZSI6IjAzMTkyOGQzZGIzNDI2MWM5NjAyYTFhZjQ5NWI0YmE4IiwiRW1haWwiOiI2MzU2YWEyZjBjZWE0MTQ5YzBkNTQxNmI3MjE1ZmZmYSIsIlVzZXJJRCI6MiwiZXhwIjoxNjg2NTM1OTY0LCJpc3MiOiJwYW4tc2VydmljZSJ9.ILto5JNWc-HlLSof7dZ56cSXpwIO3Y0tC8L26cwmzhQ]
Origin : [http://localhost:3000]
Referer : [http://localhost:3000/]
User-Agent : [Mozilla/5.0 (Windows NT 10.0; Win64; x64; rv:109.0) Gecko/20100101 Firefox/113.0]
Body:
 {}

2023/06/05 14:55:46 From: 37.128.246.96
Header:
Accept-Language : [zh-CN,zh;q=0.8,zh-TW;q=0.7,zh-HK;q=0.5,en-US;q=0.3,en;q=0.2]
Cookie : [token=eyJhbGciOiJIUzI1NiIsInR5cCI6IkpXVCJ9.eyJVc2VybmFtZSI6IjAzMTkyOGQzZGIzNDI2MWM5NjAyYTFhZjQ5NWI0YmE4IiwiRW1haWwiOiI2MzU2YWEyZjBjZWE0MTQ5YzBkNTQxNmI3MjE1ZmZmYSIsIlVzZXJJRCI6MiwiZXhwIjoxNjg2NTM1OTY0LCJpc3MiOiJwYW4tc2VydmljZSJ9.ILto5JNWc-HlLSof7dZ56cSXpwIO3Y0tC8L26cwmzhQ]
Origin : [http://localhost:3000]
Referer : [http://localhost:3000/]
User-Agent : [Mozilla/5.0 (Windows NT 10.0; Win64; x64; rv:109.0) Gecko/20100101 Firefox/113.0]
Accept : [application/json, text/plain, */*]
Accept-Encoding : [gzip, deflate]
Body:
 {}

2023/06/05 14:59:06 From: 37.128.246.96
Header:
User-Agent : [Mozilla/5.0 (Windows NT 10.0; Win64; x64; rv:109.0) Gecko/20100101 Firefox/113.0]
Accept : [application/json, text/plain, */*]
Accept-Encoding : [gzip, deflate]
Accept-Language : [zh-CN,zh;q=0.8,zh-TW;q=0.7,zh-HK;q=0.5,en-US;q=0.3,en;q=0.2]
Cookie : [token=eyJhbGciOiJIUzI1NiIsInR5cCI6IkpXVCJ9.eyJVc2VybmFtZSI6IjAzMTkyOGQzZGIzNDI2MWM5NjAyYTFhZjQ5NWI0YmE4IiwiRW1haWwiOiI2MzU2YWEyZjBjZWE0MTQ5YzBkNTQxNmI3MjE1ZmZmYSIsIlVzZXJJRCI6MiwiZXhwIjoxNjg2NTM1OTY0LCJpc3MiOiJwYW4tc2VydmljZSJ9.ILto5JNWc-HlLSof7dZ56cSXpwIO3Y0tC8L26cwmzhQ]
Origin : [http://localhost:3000]
Referer : [http://localhost:3000/]
Body:
 {}

2023/06/05 15:03:42 From: 37.128.246.96
Header:
Accept : [application/json, text/plain, */*]
Accept-Encoding : [gzip, deflate]
Accept-Language : [zh-CN,zh;q=0.8,zh-TW;q=0.7,zh-HK;q=0.5,en-US;q=0.3,en;q=0.2]
Cookie : [token=eyJhbGciOiJIUzI1NiIsInR5cCI6IkpXVCJ9.eyJVc2VybmFtZSI6IjAzMTkyOGQzZGIzNDI2MWM5NjAyYTFhZjQ5NWI0YmE4IiwiRW1haWwiOiI2MzU2YWEyZjBjZWE0MTQ5YzBkNTQxNmI3MjE1ZmZmYSIsIlVzZXJJRCI6MiwiZXhwIjoxNjg2NTM1OTY0LCJpc3MiOiJwYW4tc2VydmljZSJ9.ILto5JNWc-HlLSof7dZ56cSXpwIO3Y0tC8L26cwmzhQ]
Origin : [http://localhost:3000]
Referer : [http://localhost:3000/]
User-Agent : [Mozilla/5.0 (Windows NT 10.0; Win64; x64; rv:109.0) Gecko/20100101 Firefox/113.0]
Body:
 {}

2023/06/05 15:04:05 From: 37.128.246.96
Header:
Accept : [application/json, text/plain, */*]
Accept-Encoding : [gzip, deflate]
Accept-Language : [zh-CN,zh;q=0.8,zh-TW;q=0.7,zh-HK;q=0.5,en-US;q=0.3,en;q=0.2]
Cookie : [token=eyJhbGciOiJIUzI1NiIsInR5cCI6IkpXVCJ9.eyJVc2VybmFtZSI6IjAzMTkyOGQzZGIzNDI2MWM5NjAyYTFhZjQ5NWI0YmE4IiwiRW1haWwiOiI2MzU2YWEyZjBjZWE0MTQ5YzBkNTQxNmI3MjE1ZmZmYSIsIlVzZXJJRCI6MiwiZXhwIjoxNjg2NTM1OTY0LCJpc3MiOiJwYW4tc2VydmljZSJ9.ILto5JNWc-HlLSof7dZ56cSXpwIO3Y0tC8L26cwmzhQ]
Origin : [http://localhost:3000]
Referer : [http://localhost:3000/]
User-Agent : [Mozilla/5.0 (Windows NT 10.0; Win64; x64; rv:109.0) Gecko/20100101 Firefox/113.0]
Body:
 {}

2023/06/05 15:05:47 From: 37.128.246.96
Header:
Accept : [application/json, text/plain, */*]
Accept-Encoding : [gzip, deflate]
Accept-Language : [zh-CN,zh;q=0.8,zh-TW;q=0.7,zh-HK;q=0.5,en-US;q=0.3,en;q=0.2]
Cookie : [token=eyJhbGciOiJIUzI1NiIsInR5cCI6IkpXVCJ9.eyJVc2VybmFtZSI6IjAzMTkyOGQzZGIzNDI2MWM5NjAyYTFhZjQ5NWI0YmE4IiwiRW1haWwiOiI2MzU2YWEyZjBjZWE0MTQ5YzBkNTQxNmI3MjE1ZmZmYSIsIlVzZXJJRCI6MiwiZXhwIjoxNjg2NTM1OTY0LCJpc3MiOiJwYW4tc2VydmljZSJ9.ILto5JNWc-HlLSof7dZ56cSXpwIO3Y0tC8L26cwmzhQ]
Origin : [http://localhost:3000]
Referer : [http://localhost:3000/]
User-Agent : [Mozilla/5.0 (Windows NT 10.0; Win64; x64; rv:109.0) Gecko/20100101 Firefox/113.0]
Body:
 {}

2023/06/05 15:06:14 From: 37.128.246.96
Header:
Origin : [http://localhost:3000]
Referer : [http://localhost:3000/]
User-Agent : [Mozilla/5.0 (Windows NT 10.0; Win64; x64; rv:109.0) Gecko/20100101 Firefox/113.0]
Accept : [application/json, text/plain, */*]
Accept-Encoding : [gzip, deflate]
Accept-Language : [zh-CN,zh;q=0.8,zh-TW;q=0.7,zh-HK;q=0.5,en-US;q=0.3,en;q=0.2]
Cookie : [token=eyJhbGciOiJIUzI1NiIsInR5cCI6IkpXVCJ9.eyJVc2VybmFtZSI6IjAzMTkyOGQzZGIzNDI2MWM5NjAyYTFhZjQ5NWI0YmE4IiwiRW1haWwiOiI2MzU2YWEyZjBjZWE0MTQ5YzBkNTQxNmI3MjE1ZmZmYSIsIlVzZXJJRCI6MiwiZXhwIjoxNjg2NTM1OTY0LCJpc3MiOiJwYW4tc2VydmljZSJ9.ILto5JNWc-HlLSof7dZ56cSXpwIO3Y0tC8L26cwmzhQ]
Body:
 {}

2023/06/05 15:07:02 From: 37.128.246.96
Header:
User-Agent : [Mozilla/5.0 (Windows NT 10.0; Win64; x64; rv:109.0) Gecko/20100101 Firefox/113.0]
Content-Length : [62]
Accept-Language : [zh-CN,zh;q=0.8,zh-TW;q=0.7,zh-HK;q=0.5,en-US;q=0.3,en;q=0.2]
Cookie : [token=eyJhbGciOiJIUzI1NiIsInR5cCI6IkpXVCJ9.eyJVc2VybmFtZSI6IjAzMTkyOGQzZGIzNDI2MWM5NjAyYTFhZjQ5NWI0YmE4IiwiRW1haWwiOiI2MzU2YWEyZjBjZWE0MTQ5YzBkNTQxNmI3MjE1ZmZmYSIsIlVzZXJJRCI6MiwiZXhwIjoxNjg2NTM1OTY0LCJpc3MiOiJwYW4tc2VydmljZSJ9.ILto5JNWc-HlLSof7dZ56cSXpwIO3Y0tC8L26cwmzhQ]
Referer : [http://localhost:3000/]
Accept : [application/json, text/plain, */*]
Accept-Encoding : [gzip, deflate]
Content-Type : [multipart/form-data; boundary=---------------------------22590338158751371843455117891]
Origin : [http://localhost:3000]
Body:
 &{0xc00000e6d8 <nil> <nil> false true {0 0} true false false 0x71f800}

2023/06/05 16:31:54 From: 113.132.179.110
Header:
Accept-Encoding : [gzip, deflate]
Origin : [http://localhost:3000]
User-Agent : [Mozilla/5.0 (Windows NT 10.0; Win64; x64; rv:109.0) Gecko/20100101 Firefox/113.0]
Accept : [application/json, text/plain, */*]
Accept-Language : [zh-CN,zh;q=0.8,zh-TW;q=0.7,zh-HK;q=0.5,en-US;q=0.3,en;q=0.2]
Connection : [keep-alive]
Referer : [http://localhost:3000/]
Cookie : [token=eyJhbGciOiJIUzI1NiIsInR5cCI6IkpXVCJ9.eyJVc2VybmFtZSI6IjAzMTkyOGQzZGIzNDI2MWM5NjAyYTFhZjQ5NWI0YmE4IiwiRW1haWwiOiI2MzU2YWEyZjBjZWE0MTQ5YzBkNTQxNmI3MjE1ZmZmYSIsIlVzZXJJRCI6MiwiZXhwIjoxNjg2NTM1OTY0LCJpc3MiOiJwYW4tc2VydmljZSJ9.ILto5JNWc-HlLSof7dZ56cSXpwIO3Y0tC8L26cwmzhQ]
Body:
 {}

